<?xml version="1.0" encoding="UTF-8"?>
<testsuite name="TestSuite" time="10.222" tests="9" errors="0" skipped="1" failures="8">
  <properties>
    <property name="dependencyLocationsEnabled" value="false"/>
    <property name="java.runtime.name" value="Java(TM) SE Runtime Environment"/>
    <property name="sun.boot.library.path" value="C:\Software\jdk1.8.0_60\jre\bin"/>
    <property name="java.vm.version" value="25.60-b23"/>
    <property name="java.vm.vendor" value="Oracle Corporation"/>
    <property name="maven.multiModuleProjectDirectory" value="C:\Project\Automation"/>
    <property name="java.vendor.url" value="http://java.oracle.com/"/>
    <property name="path.separator" value=";"/>
    <property name="guice.disable.misplaced.annotation.check" value="true"/>
    <property name="java.vm.name" value="Java HotSpot(TM) 64-Bit Server VM"/>
    <property name="file.encoding.pkg" value="sun.io"/>
    <property name="user.script" value=""/>
    <property name="user.country" value="IN"/>
    <property name="sun.java.launcher" value="SUN_STANDARD"/>
    <property name="sun.os.patch.level" value=""/>
    <property name="java.vm.specification.name" value="Java Virtual Machine Specification"/>
    <property name="user.dir" value="C:\Project\Automation"/>
    <property name="java.runtime.version" value="1.8.0_60-b27"/>
    <property name="java.awt.graphicsenv" value="sun.awt.Win32GraphicsEnvironment"/>
    <property name="java.endorsed.dirs" value="C:\Software\jdk1.8.0_60\jre\lib\endorsed"/>
    <property name="os.arch" value="amd64"/>
    <property name="java.io.tmpdir" value="C:\Users\kkscl\AppData\Local\Temp\"/>
    <property name="line.separator" value="&#10;"/>
    <property name="java.vm.specification.vendor" value="Oracle Corporation"/>
    <property name="user.variant" value=""/>
    <property name="os.name" value="Windows 10"/>
    <property name="suiteXmlFile" value="portal_starter.xml"/>
    <property name="classworlds.conf" value="C:\Software\apache-maven-3.3.9-bin\apache-maven-3.3.9\bin\m2.conf"/>
    <property name="sun.jnu.encoding" value="Cp1252"/>
    <property name="java.library.path" value="C:\Software\jdk1.8.0_60\bin;C:\Windows\Sun\Java\bin;C:\Windows\system32;C:\Windows;C:\Program Files (x86)\VMware\VMware Workstation\bin\;C:\Windows\system32;C:\Windows;C:\Windows\System32\Wbem;C:\Windows\System32\WindowsPowerShell\v1.0\;C:\Windows\System32\OpenSSH\;C:\Program Files (x86)\NVIDIA Corporation\PhysX\Common;C:\Program Files\PuTTY\;C:\Program Files\Git\cmd;C:\Users\kkscl\AppData\Local\Microsoft\WindowsApps;C:\Software\apache-maven-3.3.9-bin\apache-maven-3.3.9\bin;C:\Software\jdk1.8.0_60\bin;;."/>
    <property name="java.specification.name" value="Java Platform API Specification"/>
    <property name="java.class.version" value="52.0"/>
    <property name="sun.management.compiler" value="HotSpot 64-Bit Tiered Compilers"/>
    <property name="os.version" value="10.0"/>
    <property name="user.home" value="C:\Users\kkscl"/>
    <property name="user.timezone" value="Asia/Calcutta"/>
    <property name="java.awt.printerjob" value="sun.awt.windows.WPrinterJob"/>
    <property name="java.specification.version" value="1.8"/>
    <property name="file.encoding" value="Cp1252"/>
    <property name="user.name" value="kkscl"/>
    <property name="java.class.path" value="C:\Software\apache-maven-3.3.9-bin\apache-maven-3.3.9\boot\plexus-classworlds-2.5.2.jar"/>
    <property name="java.vm.specification.version" value="1.8"/>
    <property name="sun.arch.data.model" value="64"/>
    <property name="java.home" value="C:\Software\jdk1.8.0_60\jre"/>
    <property name="sun.java.command" value="org.codehaus.plexus.classworlds.launcher.Launcher -T 2 -DdependencyLocationsEnabled=false -DsuiteXmlFile=portal_starter.xml antrun:run@ant-execute validate initialize compile test clean surefire-report:report"/>
    <property name="java.specification.vendor" value="Oracle Corporation"/>
    <property name="user.language" value="en"/>
    <property name="awt.toolkit" value="sun.awt.windows.WToolkit"/>
    <property name="java.vm.info" value="mixed mode"/>
    <property name="java.version" value="1.8.0_60"/>
    <property name="java.ext.dirs" value="C:\Software\jdk1.8.0_60\jre\lib\ext;C:\Windows\Sun\Java\lib\ext"/>
    <property name="sun.boot.class.path" value="C:\Software\jdk1.8.0_60\jre\lib\resources.jar;C:\Software\jdk1.8.0_60\jre\lib\rt.jar;C:\Software\jdk1.8.0_60\jre\lib\sunrsasign.jar;C:\Software\jdk1.8.0_60\jre\lib\jsse.jar;C:\Software\jdk1.8.0_60\jre\lib\jce.jar;C:\Software\jdk1.8.0_60\jre\lib\charsets.jar;C:\Software\jdk1.8.0_60\jre\lib\jfr.jar;C:\Software\jdk1.8.0_60\jre\classes"/>
    <property name="sun.stderr.encoding" value="cp437"/>
    <property name="java.vendor" value="Oracle Corporation"/>
    <property name="maven.home" value="C:\Software\apache-maven-3.3.9-bin\apache-maven-3.3.9"/>
    <property name="file.separator" value="\"/>
    <property name="java.vendor.url.bug" value="http://bugreport.sun.com/bugreport/"/>
    <property name="sun.cpu.endian" value="little"/>
    <property name="sun.io.unicode.encoding" value="UnicodeLittle"/>
    <property name="sun.stdout.encoding" value="cp437"/>
    <property name="sun.desktop" value="windows"/>
    <property name="sun.cpu.isalist" value="amd64"/>
  </properties>
  <testcase name="initTestContext" classname="com.automation.ui.digitaldeployer.testcases.index.HomePageTest" time="4.675">
    <failure message="unknown error: net::ERR_NAME_NOT_RESOLVED&#10;  (Session info: chrome=108.0.5359.125)&#10;Build info: version: &apos;3.141.59&apos;, revision: &apos;e82be7d358&apos;, time: &apos;2018-11-14T08:17:03&apos;&#10;System info: host: &apos;DESKTOP-4VG4ENC&apos;, ip: &apos;192.168.184.1&apos;, os.name: &apos;Windows 10&apos;, os.arch: &apos;amd64&apos;, os.version: &apos;10.0&apos;, java.version: &apos;1.8.0_60&apos;&#10;Driver info: org.openqa.selenium.chrome.ChromeDriver&#10;Capabilities {acceptInsecureCerts: false, browserName: chrome, browserVersion: 108.0.5359.125, chrome: {chromedriverVersion: 108.0.5359.71 (1e0e3868ee06..., userDataDir: C:\Users\kkscl\AppData\Loca...}, goog:chromeOptions: {debuggerAddress: localhost:60400}, javascriptEnabled: true, networkConnectionEnabled: false, pageLoadStrategy: normal, platform: WINDOWS, platformName: WINDOWS, proxy: Proxy(), setWindowRect: true, strictFileInteractability: false, timeouts: {implicit: 0, pageLoad: 300000, script: 30000}, unhandledPromptBehavior: dismiss and notify, webauthn:extension:credBlob: true, webauthn:extension:largeBlob: true, webauthn:virtualAuthenticators: true}&#10;Session ID: 23ea1216ac4687f0bd8aa806a914208c" type="org.openqa.selenium.WebDriverException">org.openqa.selenium.WebDriverException:
        unknown error: net::ERR_NAME_NOT_RESOLVED
        (Session info: chrome=108.0.5359.125)
        Build info: version: '3.141.59', revision: 'e82be7d358', time: '2018-11-14T08:17:03'
        System info: host: 'DESKTOP-4VG4ENC', ip: '192.168.184.1', os.name: 'Windows 10', os.arch: 'amd64', os.version:
        '10.0', java.version: '1.8.0_60'
        Driver info: org.openqa.selenium.chrome.ChromeDriver
        Capabilities {acceptInsecureCerts: false, browserName: chrome, browserVersion: 108.0.5359.125, chrome:
        {chromedriverVersion: 108.0.5359.71 (1e0e3868ee06..., userDataDir: C:\Users\kkscl\AppData\Loca...},
        goog:chromeOptions: {debuggerAddress: localhost:60400}, javascriptEnabled: true, networkConnectionEnabled:
        false, pageLoadStrategy: normal, platform: WINDOWS, platformName: WINDOWS, proxy: Proxy(), setWindowRect: true,
        strictFileInteractability: false, timeouts: {implicit: 0, pageLoad: 300000, script: 30000},
        unhandledPromptBehavior: dismiss and notify, webauthn:extension:credBlob: true, webauthn:extension:largeBlob:
        true, webauthn:virtualAuthenticators: true}
        Session ID: 23ea1216ac4687f0bd8aa806a914208c
        at sun.reflect.NativeConstructorAccessorImpl.newInstance0(Native Method)
        at sun.reflect.NativeConstructorAccessorImpl.newInstance(NativeConstructorAccessorImpl.java:62)
        at sun.reflect.DelegatingConstructorAccessorImpl.newInstance(DelegatingConstructorAccessorImpl.java:45)
        at java.lang.reflect.Constructor.newInstance(Constructor.java:422)
        at org.openqa.selenium.remote.http.W3CHttpResponseCodec.createException(W3CHttpResponseCodec.java:187)
        at org.openqa.selenium.remote.http.W3CHttpResponseCodec.decode(W3CHttpResponseCodec.java:122)
        at org.openqa.selenium.remote.http.W3CHttpResponseCodec.decode(W3CHttpResponseCodec.java:49)
        at org.openqa.selenium.remote.HttpCommandExecutor.execute(HttpCommandExecutor.java:158)
        at org.openqa.selenium.remote.service.DriverCommandExecutor.execute(DriverCommandExecutor.java:83)
        at org.openqa.selenium.remote.RemoteWebDriver.execute(RemoteWebDriver.java:545)
        at org.openqa.selenium.remote.RemoteWebDriver.get(RemoteWebDriver.java:273)
        at sun.reflect.NativeMethodAccessorImpl.invoke0(Native Method)
        at sun.reflect.NativeMethodAccessorImpl.invoke(NativeMethodAccessorImpl.java:62)
        at sun.reflect.DelegatingMethodAccessorImpl.invoke(DelegatingMethodAccessorImpl.java:43)
        at java.lang.reflect.Method.invoke(Method.java:497)
        at org.openqa.selenium.support.events.EventFiringWebDriver.lambda$new$1(EventFiringWebDriver.java:105)
        at com.sun.proxy.$Proxy8.get(Unknown Source)
        at org.openqa.selenium.support.events.EventFiringWebDriver.get(EventFiringWebDriver.java:165)
        at
        com.automation.ui.digitaldeployer.testcases.base.ProjectBaseTest.loadFirstPage(DigitalDeployerBaseTest.java:53)
        at com.automation.ui.base.common.templates.core.CoreTestTemplate.initTestContext(CoreTestTemplate.java:134)
        at sun.reflect.NativeMethodAccessorImpl.invoke0(Native Method)
        at sun.reflect.NativeMethodAccessorImpl.invoke(NativeMethodAccessorImpl.java:62)
        at sun.reflect.DelegatingMethodAccessorImpl.invoke(DelegatingMethodAccessorImpl.java:43)
        at java.lang.reflect.Method.invoke(Method.java:497)
        at org.testng.internal.MethodInvocationHelper.invokeMethod(MethodInvocationHelper.java:86)
        at org.testng.internal.Invoker.invokeConfigurationMethod(Invoker.java:514)
        at org.testng.internal.Invoker.invokeConfigurations(Invoker.java:215)
        at org.testng.internal.Invoker.invokeMethod(Invoker.java:589)
        at org.testng.internal.Invoker.invokeTestMethod(Invoker.java:820)
        at org.testng.internal.Invoker.invokeTestMethods(Invoker.java:1128)
        at org.testng.internal.TestMethodWorker.invokeTestMethods(TestMethodWorker.java:129)
        at org.testng.internal.TestMethodWorker.run(TestMethodWorker.java:112)
        at org.testng.TestRunner.privateRun(TestRunner.java:782)
        at org.testng.TestRunner.run(TestRunner.java:632)
        at org.testng.SuiteRunner.runTest(SuiteRunner.java:366)
        at org.testng.SuiteRunner.runSequentially(SuiteRunner.java:361)
        at org.testng.SuiteRunner.privateRun(SuiteRunner.java:319)
        at org.testng.SuiteRunner.run(SuiteRunner.java:268)
        at org.testng.SuiteRunnerWorker.runSuite(SuiteRunnerWorker.java:52)
        at org.testng.SuiteRunnerWorker.run(SuiteRunnerWorker.java:86)
        at org.testng.TestNG.runSuitesSequentially(TestNG.java:1244)
        at org.testng.TestNG.runSuitesLocally(TestNG.java:1169)
        at org.testng.TestNG.run(TestNG.java:1064)
        at org.apache.maven.surefire.testng.TestNGExecutor.run(TestNGExecutor.java:178)
        at org.apache.maven.surefire.testng.TestNGXmlTestSuite.execute(TestNGXmlTestSuite.java:92)
        at org.apache.maven.surefire.testng.TestNGProvider.invoke(TestNGProvider.java:96)
        at sun.reflect.NativeMethodAccessorImpl.invoke0(Native Method)
        at sun.reflect.NativeMethodAccessorImpl.invoke(NativeMethodAccessorImpl.java:62)
        at sun.reflect.DelegatingMethodAccessorImpl.invoke(DelegatingMethodAccessorImpl.java:43)
        at java.lang.reflect.Method.invoke(Method.java:497)
        at org.apache.maven.surefire.util.ReflectionUtils.invokeMethodWithArray2(ReflectionUtils.java:208)
        at org.apache.maven.surefire.booter.ProviderFactory$ProviderProxy.invoke(ProviderFactory.java:159)
        at org.apache.maven.surefire.booter.ProviderFactory.invokeProvider(ProviderFactory.java:87)
        at org.apache.maven.surefire.booter.ForkedBooter.runSuitesInProcess(ForkedBooter.java:153)
        at org.apache.maven.surefire.booter.ForkedBooter.main(ForkedBooter.java:95)
    </failure>
    <system-out>...
... TestNG 6.9.10 by CÃ©dric Beust (cedric@beust.com)
...

2023-01-09 10:19:19 DEBUG HomePageTest:40 - HomePageTest
2023-01-09 10:19:19 DEBUG DriverProvider:37 - getActiveDriver0
2023-01-09 10:19:19 DEBUG DriverProvider:28 - drivers count0
2023-01-09 10:19:19 DEBUG ChromeBrowser:69 - Using chromedriver logs at ChromeDriver/chromedriver_win32/chromedriver.exe
2023-01-09 10:19:19 INFO  ChromeBrowser:90 - Using chromedriver logs at C:\Project\Automation\logs\chromelogs
2023-01-09 10:19:20 DEBUG Configuration:93 -  Configuration For Property Name strictTransportSecurity value dose not exist in the config.yml file 
2023-01-09 10:19:20 DEBUG Configuration:93 -  Configuration For Property Name useProxy value dose not exist in the config.yml file 
2023-01-09 10:19:20 DEBUG Configuration:93 -  Configuration For Property Name countryCode value dose not exist in the config.yml file 
2023-01-09 10:19:20 DEBUG Configuration:93 -  Configuration For Property Name extensions value dose not exist in the config.yml file 
2023-01-09 10:19:20 DEBUG Configuration:93 -  Configuration For Property Name unsafePageLoad value dose not exist in the config.yml file 
2023-01-09 10:19:20 DEBUG Configuration:93 -  Configuration For Property Name strictTransportSecurity value dose not exist in the config.yml file 
**********
2023-01-09 10:19:21 DEBUG Configuration:93 -  Configuration For Property Name sitePort value dose not exist in the config.yml file 
2023-01-09 10:19:21 DEBUG Configuration:93 -  Configuration For Property Name sitePort value dose not exist in the config.yml file 
2023-01-09 10:19:21 DEBUG Configuration:93 -  Configuration For Property Name sitePort value dose not exist in the config.yml file 
2023-01-09 10:19:21 DEBUG CheckBoxOrRadioButton:20 - CheckBoxOrRadioButtonHelper : 178604517
2023-01-09 10:19:21 DEBUG ContextPageTest:46 - ContextPageTest
2023-01-09 10:19:21 DEBUG DriverProvider:37 - getActiveDriver0
2023-01-09 10:19:21 DEBUG DriverProvider:28 - drivers count1
**********
2023-01-09 10:19:21 DEBUG CheckBoxOrRadioButton:20 - CheckBoxOrRadioButtonHelper : 178604517
[DEBUG] ConfigurationUtils.locate(): base is null, name is null
2023-01-09 10:19:22 DEBUG CoreTestTemplate:72 - Setting the Site Specific Langauge :en
2023-01-09 10:19:22 DEBUG DriverProvider:37 - getActiveDriver0
2023-01-09 10:19:22 DEBUG DriverProvider:28 - drivers count1
**********
2023-01-09 10:19:22 INFO  UrlBuilder:330 - getSiteGlobalName SITE : digital-deployer-app.galuctussandbox this.env :sandbox
2023-01-09 10:19:22 INFO  UrlBuilder:120 - getUrl host details:digital-deployer-app.galuctussandbox.sandbox.galuctussandbox.app
2023-01-09 10:19:22 DEBUG CoreTestTemplate:110 - beforeClass initTestClass 
2023-01-09 10:19:22 INFO  Log:68 - ****************************************************************************************
2023-01-09 10:19:22 INFO  Log:69 - $$$$$$$$$$$$$$$$$$$$$                 launchHomePage_Test       $$$$$$$$$$$$$$$$$$$$$$$$$
2023-01-09 10:19:22 INFO  Log:70 - ****************************************************************************************
**********
**********
2023-01-09 10:19:22 INFO  UrlBuilder:330 - getSiteGlobalName SITE : digital-deployer-app.galuctussandbox this.env :sandbox
2023-01-09 10:19:22 INFO  UrlBuilder:120 - getUrl host details:digital-deployer-app.galuctussandbox.sandbox.galuctussandbox.app
**********
2023-01-09 10:19:22 DEBUG DriverProvider:37 - getActiveDriver0
2023-01-09 10:19:22 DEBUG DriverProvider:28 - drivers count1
2023-01-09 10:19:22 INFO  UrlBuilder:330 - getSiteGlobalName SITE : digital-deployer-app.galuctussandbox this.env :sandbox
2023-01-09 10:19:22 INFO  UrlBuilder:120 - getUrl host details:digital-deployer-app.galuctussandbox.sandbox.galuctussandbox.app
2023-01-09 10:19:22 DEBUG Configuration:93 -  Configuration For Property Name qs value dose not exist in the config.yml file 
2023-01-09 10:19:23 INFO  InvokeMethodAdapter:40 - TEST CONFIGURATION FAILED, IS APPLICATION RUNNING, BROWSER DRIVERS CONFIGURED
2023-01-09 10:19:23 DEBUG DriverProvider:37 - getActiveDriver0
2023-01-09 10:19:23 DEBUG DriverProvider:28 - drivers count1
</system-out>
    <system-err>Starting ChromeDriver 108.0.5359.71 (1e0e3868ee06e91ad636a874420e3ca3ae3756ac-refs/branch-heads/5359@{#1016}) on port 37743
Only local connections are allowed.
Please see https://chromedriver.chromium.org/security-considerations for suggestions on keeping ChromeDriver safe.
ChromeDriver was started successfully.
Jan 09, 2023 10:19:21 AM org.openqa.selenium.remote.ProtocolHandshake createSession
INFO: Detected dialect: W3C
SLF4J: Class path contains multiple SLF4J bindings.
SLF4J: Found binding in [jar:file:/C:/Users/kkscl/.m2/repository/ch/qos/logback/logback-classic/1.2.6/logback-classic-1.2.6.jar!/org/slf4j/impl/StaticLoggerBinder.class]
SLF4J: Found binding in [jar:file:/C:/Users/kkscl/.m2/repository/org/sonatype/gossip/gossip/1.0/gossip-1.0.jar!/org/slf4j/impl/StaticLoggerBinder.class]
SLF4J: Found binding in [jar:file:/C:/Users/kkscl/.m2/repository/org/slf4j/slf4j-nop/1.5.3/slf4j-nop-1.5.3.jar!/org/slf4j/impl/StaticLoggerBinder.class]
SLF4J: Found binding in [jar:file:/C:/Users/kkscl/.m2/repository/org/slf4j/slf4j-jdk14/1.5.6/slf4j-jdk14-1.5.6.jar!/org/slf4j/impl/StaticLoggerBinder.class]
SLF4J: See http://www.slf4j.org/codes.html#multiple_bindings for an explanation.
SLF4J: Actual binding is of type [ch.qos.logback.classic.util.ContextSelectorStaticBinder]
</system-err>
  </testcase>
  <testcase name="launchHomePage_Test" classname="com.automation.ui.digitaldeployer.testcases.index.HomePageTest" time="0.17">
    <failure message="TEST SKIPPED" type="org.testng.SkipException">org.testng.SkipException: TEST SKIPPED
	at com.automation.ui.base.common.testnglisteners.BrowserAndTestEventListener.onTestSkipped(BrowserAndTestEventListener.java:294)
	at org.testng.internal.Invoker.runTestListeners(Invoker.java:1683)
	at org.testng.internal.Invoker.runTestListeners(Invoker.java:1675)
	at org.testng.internal.Invoker.invokeMethod(Invoker.java:700)
	at org.testng.internal.Invoker.invokeTestMethod(Invoker.java:820)
	at org.testng.internal.Invoker.invokeTestMethods(Invoker.java:1128)
	at org.testng.internal.TestMethodWorker.invokeTestMethods(TestMethodWorker.java:129)
	at org.testng.internal.TestMethodWorker.run(TestMethodWorker.java:112)
	at org.testng.TestRunner.privateRun(TestRunner.java:782)
	at org.testng.TestRunner.run(TestRunner.java:632)
	at org.testng.SuiteRunner.runTest(SuiteRunner.java:366)
	at org.testng.SuiteRunner.runSequentially(SuiteRunner.java:361)
	at org.testng.SuiteRunner.privateRun(SuiteRunner.java:319)
	at org.testng.SuiteRunner.run(SuiteRunner.java:268)
	at org.testng.SuiteRunnerWorker.runSuite(SuiteRunnerWorker.java:52)
	at org.testng.SuiteRunnerWorker.run(SuiteRunnerWorker.java:86)
	at org.testng.TestNG.runSuitesSequentially(TestNG.java:1244)
	at org.testng.TestNG.runSuitesLocally(TestNG.java:1169)
	at org.testng.TestNG.run(TestNG.java:1064)
	at org.apache.maven.surefire.testng.TestNGExecutor.run(TestNGExecutor.java:178)
	at org.apache.maven.surefire.testng.TestNGXmlTestSuite.execute(TestNGXmlTestSuite.java:92)
	at org.apache.maven.surefire.testng.TestNGProvider.invoke(TestNGProvider.java:96)
	at sun.reflect.NativeMethodAccessorImpl.invoke0(Native Method)
	at sun.reflect.NativeMethodAccessorImpl.invoke(NativeMethodAccessorImpl.java:62)
	at sun.reflect.DelegatingMethodAccessorImpl.invoke(DelegatingMethodAccessorImpl.java:43)
	at java.lang.reflect.Method.invoke(Method.java:497)
	at org.apache.maven.surefire.util.ReflectionUtils.invokeMethodWithArray2(ReflectionUtils.java:208)
	at org.apache.maven.surefire.booter.ProviderFactory$ProviderProxy.invoke(ProviderFactory.java:159)
	at org.apache.maven.surefire.booter.ProviderFactory.invokeProvider(ProviderFactory.java:87)
	at org.apache.maven.surefire.booter.ForkedBooter.runSuitesInProcess(ForkedBooter.java:153)
	at org.apache.maven.surefire.booter.ForkedBooter.main(ForkedBooter.java:95)
</failure>
    <system-out>com.automation.ui.digitaldeployer.testcases.index.HomePageTest launchHomePage_Test
        2023-01-09 10:19:23 DEBUG DriverProvider:37 - getActiveDriver0
        2023-01-09 10:19:23 DEBUG DriverProvider:28 - drivers count1
        2023-01-09 10:19:23 INFO BrowserAndTestEventListener:253 - onTestFailure create issue
        2023-01-09 10:19:23 INFO BrowserAndTestEventListener:257 - onTestFailure added issue
        2023-01-09 10:19:23 DEBUG DriverProvider:37 - getActiveDriver0
        2023-01-09 10:19:23 DEBUG DriverProvider:28 - drivers count1
        2023-01-09 10:19:24 DEBUG DriverProvider:37 - getActiveDriver0
        2023-01-09 10:19:24 DEBUG DriverProvider:28 - drivers count1
        2023-01-09 10:19:24 DEBUG Configuration:93 - Configuration For Property Name mobileSiteVersion value dose not
        exist in the config.yml file
    </system-out>
  </testcase>
  <testcase name="initTestContext" classname="com.automation.ui.digitaldeployer.testcases.index.HomePageTest" time="1.586">
    <failure message="unknown error: net::ERR_NAME_NOT_RESOLVED&#10;  (Session info: chrome=108.0.5359.125)&#10;Build info: version: &apos;3.141.59&apos;, revision: &apos;e82be7d358&apos;, time: &apos;2018-11-14T08:17:03&apos;&#10;System info: host: &apos;DESKTOP-4VG4ENC&apos;, ip: &apos;192.168.184.1&apos;, os.name: &apos;Windows 10&apos;, os.arch: &apos;amd64&apos;, os.version: &apos;10.0&apos;, java.version: &apos;1.8.0_60&apos;&#10;Driver info: org.openqa.selenium.chrome.ChromeDriver&#10;Capabilities {acceptInsecureCerts: false, browserName: chrome, browserVersion: 108.0.5359.125, chrome: {chromedriverVersion: 108.0.5359.71 (1e0e3868ee06..., userDataDir: C:\Users\kkscl\AppData\Loca...}, goog:chromeOptions: {debuggerAddress: localhost:60400}, javascriptEnabled: true, networkConnectionEnabled: false, pageLoadStrategy: normal, platform: WINDOWS, platformName: WINDOWS, proxy: Proxy(), setWindowRect: true, strictFileInteractability: false, timeouts: {implicit: 0, pageLoad: 300000, script: 30000}, unhandledPromptBehavior: dismiss and notify, webauthn:extension:credBlob: true, webauthn:extension:largeBlob: true, webauthn:virtualAuthenticators: true}&#10;Session ID: 23ea1216ac4687f0bd8aa806a914208c" type="org.openqa.selenium.WebDriverException">org.openqa.selenium.WebDriverException:
        unknown error: net::ERR_NAME_NOT_RESOLVED
        (Session info: chrome=108.0.5359.125)
        Build info: version: '3.141.59', revision: 'e82be7d358', time: '2018-11-14T08:17:03'
        System info: host: 'DESKTOP-4VG4ENC', ip: '192.168.184.1', os.name: 'Windows 10', os.arch: 'amd64', os.version:
        '10.0', java.version: '1.8.0_60'
        Driver info: org.openqa.selenium.chrome.ChromeDriver
        Capabilities {acceptInsecureCerts: false, browserName: chrome, browserVersion: 108.0.5359.125, chrome:
        {chromedriverVersion: 108.0.5359.71 (1e0e3868ee06..., userDataDir: C:\Users\kkscl\AppData\Loca...},
        goog:chromeOptions: {debuggerAddress: localhost:60400}, javascriptEnabled: true, networkConnectionEnabled:
        false, pageLoadStrategy: normal, platform: WINDOWS, platformName: WINDOWS, proxy: Proxy(), setWindowRect: true,
        strictFileInteractability: false, timeouts: {implicit: 0, pageLoad: 300000, script: 30000},
        unhandledPromptBehavior: dismiss and notify, webauthn:extension:credBlob: true, webauthn:extension:largeBlob:
        true, webauthn:virtualAuthenticators: true}
        Session ID: 23ea1216ac4687f0bd8aa806a914208c
        at sun.reflect.NativeConstructorAccessorImpl.newInstance0(Native Method)
        at sun.reflect.NativeConstructorAccessorImpl.newInstance(NativeConstructorAccessorImpl.java:62)
        at sun.reflect.DelegatingConstructorAccessorImpl.newInstance(DelegatingConstructorAccessorImpl.java:45)
        at java.lang.reflect.Constructor.newInstance(Constructor.java:422)
        at org.openqa.selenium.remote.http.W3CHttpResponseCodec.createException(W3CHttpResponseCodec.java:187)
        at org.openqa.selenium.remote.http.W3CHttpResponseCodec.decode(W3CHttpResponseCodec.java:122)
        at org.openqa.selenium.remote.http.W3CHttpResponseCodec.decode(W3CHttpResponseCodec.java:49)
        at org.openqa.selenium.remote.HttpCommandExecutor.execute(HttpCommandExecutor.java:158)
        at org.openqa.selenium.remote.service.DriverCommandExecutor.execute(DriverCommandExecutor.java:83)
        at org.openqa.selenium.remote.RemoteWebDriver.execute(RemoteWebDriver.java:545)
        at org.openqa.selenium.remote.RemoteWebDriver.get(RemoteWebDriver.java:273)
        at sun.reflect.NativeMethodAccessorImpl.invoke0(Native Method)
        at sun.reflect.NativeMethodAccessorImpl.invoke(NativeMethodAccessorImpl.java:62)
        at sun.reflect.DelegatingMethodAccessorImpl.invoke(DelegatingMethodAccessorImpl.java:43)
        at java.lang.reflect.Method.invoke(Method.java:497)
        at org.openqa.selenium.support.events.EventFiringWebDriver.lambda$new$1(EventFiringWebDriver.java:105)
        at com.sun.proxy.$Proxy8.get(Unknown Source)
        at org.openqa.selenium.support.events.EventFiringWebDriver.get(EventFiringWebDriver.java:165)
        at
        com.automation.ui.digitaldeployer.testcases.base.ProjectBaseTest.loadFirstPage(DigitalDeployerBaseTest.java:53)
        at com.automation.ui.base.common.templates.core.CoreTestTemplate.initTestContext(CoreTestTemplate.java:134)
        at sun.reflect.NativeMethodAccessorImpl.invoke0(Native Method)
        at sun.reflect.NativeMethodAccessorImpl.invoke(NativeMethodAccessorImpl.java:62)
        at sun.reflect.DelegatingMethodAccessorImpl.invoke(DelegatingMethodAccessorImpl.java:43)
        at java.lang.reflect.Method.invoke(Method.java:497)
        at org.testng.internal.MethodInvocationHelper.invokeMethod(MethodInvocationHelper.java:86)
        at org.testng.internal.Invoker.invokeConfigurationMethod(Invoker.java:514)
        at org.testng.internal.Invoker.invokeConfigurations(Invoker.java:215)
        at org.testng.internal.Invoker.invokeMethod(Invoker.java:589)
        at org.testng.internal.Invoker.invokeTestMethod(Invoker.java:820)
        at org.testng.internal.Invoker.invokeTestMethods(Invoker.java:1128)
        at org.testng.internal.TestMethodWorker.invokeTestMethods(TestMethodWorker.java:129)
        at org.testng.internal.TestMethodWorker.run(TestMethodWorker.java:112)
        at org.testng.TestRunner.privateRun(TestRunner.java:782)
        at org.testng.TestRunner.run(TestRunner.java:632)
        at org.testng.SuiteRunner.runTest(SuiteRunner.java:366)
        at org.testng.SuiteRunner.runSequentially(SuiteRunner.java:361)
        at org.testng.SuiteRunner.privateRun(SuiteRunner.java:319)
        at org.testng.SuiteRunner.run(SuiteRunner.java:268)
        at org.testng.SuiteRunnerWorker.runSuite(SuiteRunnerWorker.java:52)
        at org.testng.SuiteRunnerWorker.run(SuiteRunnerWorker.java:86)
        at org.testng.TestNG.runSuitesSequentially(TestNG.java:1244)
        at org.testng.TestNG.runSuitesLocally(TestNG.java:1169)
        at org.testng.TestNG.run(TestNG.java:1064)
        at org.apache.maven.surefire.testng.TestNGExecutor.run(TestNGExecutor.java:178)
        at org.apache.maven.surefire.testng.TestNGXmlTestSuite.execute(TestNGXmlTestSuite.java:92)
        at org.apache.maven.surefire.testng.TestNGProvider.invoke(TestNGProvider.java:96)
        at sun.reflect.NativeMethodAccessorImpl.invoke0(Native Method)
        at sun.reflect.NativeMethodAccessorImpl.invoke(NativeMethodAccessorImpl.java:62)
        at sun.reflect.DelegatingMethodAccessorImpl.invoke(DelegatingMethodAccessorImpl.java:43)
        at java.lang.reflect.Method.invoke(Method.java:497)
        at org.apache.maven.surefire.util.ReflectionUtils.invokeMethodWithArray2(ReflectionUtils.java:208)
        at org.apache.maven.surefire.booter.ProviderFactory$ProviderProxy.invoke(ProviderFactory.java:159)
        at org.apache.maven.surefire.booter.ProviderFactory.invokeProvider(ProviderFactory.java:87)
        at org.apache.maven.surefire.booter.ForkedBooter.runSuitesInProcess(ForkedBooter.java:153)
        at org.apache.maven.surefire.booter.ForkedBooter.main(ForkedBooter.java:95)
    </failure>
    <system-out>2023-01-09 10:19:24 INFO  Log:68 - ****************************************************************************************
2023-01-09 10:19:24 INFO  Log:69 - $$$$$$$$$$$$$$$$$$$$$                 continue_Test       $$$$$$$$$$$$$$$$$$$$$$$$$
2023-01-09 10:19:24 INFO  Log:70 - ****************************************************************************************
**********
**********
2023-01-09 10:19:24 INFO  UrlBuilder:330 - getSiteGlobalName SITE : digital-deployer-app.galuctussandbox this.env :sandbox
2023-01-09 10:19:24 INFO  UrlBuilder:120 - getUrl host details:digital-deployer-app.galuctussandbox.sandbox.galuctussandbox.app
**********
2023-01-09 10:19:24 DEBUG DriverProvider:37 - getActiveDriver0
2023-01-09 10:19:24 DEBUG DriverProvider:28 - drivers count1
2023-01-09 10:19:24 INFO  UrlBuilder:330 - getSiteGlobalName SITE : digital-deployer-app.galuctussandbox this.env :sandbox
2023-01-09 10:19:24 INFO  UrlBuilder:120 - getUrl host details:digital-deployer-app.galuctussandbox.sandbox.galuctussandbox.app
2023-01-09 10:19:24 DEBUG Configuration:93 -  Configuration For Property Name qs value dose not exist in the config.yml file 
2023-01-09 10:19:25 INFO  InvokeMethodAdapter:40 - TEST CONFIGURATION FAILED, IS APPLICATION RUNNING, BROWSER DRIVERS CONFIGURED
2023-01-09 10:19:25 DEBUG DriverProvider:37 - getActiveDriver0
2023-01-09 10:19:25 DEBUG DriverProvider:28 - drivers count1
</system-out>
  </testcase>
  <testcase name="continue_Test" classname="com.automation.ui.digitaldeployer.testcases.index.HomePageTest" time="0.163">
    <failure message="TEST SKIPPED" type="org.testng.SkipException">org.testng.SkipException: TEST SKIPPED
	at com.automation.ui.base.common.testnglisteners.BrowserAndTestEventListener.onTestSkipped(BrowserAndTestEventListener.java:294)
	at org.testng.internal.Invoker.runTestListeners(Invoker.java:1683)
	at org.testng.internal.Invoker.runTestListeners(Invoker.java:1675)
	at org.testng.internal.Invoker.invokeMethod(Invoker.java:700)
	at org.testng.internal.Invoker.invokeTestMethod(Invoker.java:820)
	at org.testng.internal.Invoker.invokeTestMethods(Invoker.java:1128)
	at org.testng.internal.TestMethodWorker.invokeTestMethods(TestMethodWorker.java:129)
	at org.testng.internal.TestMethodWorker.run(TestMethodWorker.java:112)
	at org.testng.TestRunner.privateRun(TestRunner.java:782)
	at org.testng.TestRunner.run(TestRunner.java:632)
	at org.testng.SuiteRunner.runTest(SuiteRunner.java:366)
	at org.testng.SuiteRunner.runSequentially(SuiteRunner.java:361)
	at org.testng.SuiteRunner.privateRun(SuiteRunner.java:319)
	at org.testng.SuiteRunner.run(SuiteRunner.java:268)
	at org.testng.SuiteRunnerWorker.runSuite(SuiteRunnerWorker.java:52)
	at org.testng.SuiteRunnerWorker.run(SuiteRunnerWorker.java:86)
	at org.testng.TestNG.runSuitesSequentially(TestNG.java:1244)
	at org.testng.TestNG.runSuitesLocally(TestNG.java:1169)
	at org.testng.TestNG.run(TestNG.java:1064)
	at org.apache.maven.surefire.testng.TestNGExecutor.run(TestNGExecutor.java:178)
	at org.apache.maven.surefire.testng.TestNGXmlTestSuite.execute(TestNGXmlTestSuite.java:92)
	at org.apache.maven.surefire.testng.TestNGProvider.invoke(TestNGProvider.java:96)
	at sun.reflect.NativeMethodAccessorImpl.invoke0(Native Method)
	at sun.reflect.NativeMethodAccessorImpl.invoke(NativeMethodAccessorImpl.java:62)
	at sun.reflect.DelegatingMethodAccessorImpl.invoke(DelegatingMethodAccessorImpl.java:43)
	at java.lang.reflect.Method.invoke(Method.java:497)
	at org.apache.maven.surefire.util.ReflectionUtils.invokeMethodWithArray2(ReflectionUtils.java:208)
	at org.apache.maven.surefire.booter.ProviderFactory$ProviderProxy.invoke(ProviderFactory.java:159)
	at org.apache.maven.surefire.booter.ProviderFactory.invokeProvider(ProviderFactory.java:87)
	at org.apache.maven.surefire.booter.ForkedBooter.runSuitesInProcess(ForkedBooter.java:153)
	at org.apache.maven.surefire.booter.ForkedBooter.main(ForkedBooter.java:95)
</failure>
    <system-out>com.automation.ui.digitaldeployer.testcases.index.HomePageTest continue_Test
        2023-01-09 10:19:25 DEBUG DriverProvider:37 - getActiveDriver0
        2023-01-09 10:19:25 DEBUG DriverProvider:28 - drivers count1
        2023-01-09 10:19:25 INFO BrowserAndTestEventListener:253 - onTestFailure create issue
        2023-01-09 10:19:25 INFO BrowserAndTestEventListener:257 - onTestFailure added issue
        2023-01-09 10:19:25 DEBUG DriverProvider:37 - getActiveDriver0
        2023-01-09 10:19:25 DEBUG DriverProvider:28 - drivers count1
        2023-01-09 10:19:25 DEBUG DriverProvider:37 - getActiveDriver0
        2023-01-09 10:19:25 DEBUG DriverProvider:28 - drivers count1
        2023-01-09 10:19:25 DEBUG Configuration:93 - Configuration For Property Name mobileSiteVersion value dose not
        exist in the config.yml file
    </system-out>
  </testcase>
  <testcase name="initTestContext" classname="com.automation.ui.digitaldeployer.testcases.index.HomePageTest" time="1.599">
    <failure message="unknown error: net::ERR_NAME_NOT_RESOLVED&#10;  (Session info: chrome=108.0.5359.125)&#10;Build info: version: &apos;3.141.59&apos;, revision: &apos;e82be7d358&apos;, time: &apos;2018-11-14T08:17:03&apos;&#10;System info: host: &apos;DESKTOP-4VG4ENC&apos;, ip: &apos;192.168.184.1&apos;, os.name: &apos;Windows 10&apos;, os.arch: &apos;amd64&apos;, os.version: &apos;10.0&apos;, java.version: &apos;1.8.0_60&apos;&#10;Driver info: org.openqa.selenium.chrome.ChromeDriver&#10;Capabilities {acceptInsecureCerts: false, browserName: chrome, browserVersion: 108.0.5359.125, chrome: {chromedriverVersion: 108.0.5359.71 (1e0e3868ee06..., userDataDir: C:\Users\kkscl\AppData\Loca...}, goog:chromeOptions: {debuggerAddress: localhost:60400}, javascriptEnabled: true, networkConnectionEnabled: false, pageLoadStrategy: normal, platform: WINDOWS, platformName: WINDOWS, proxy: Proxy(), setWindowRect: true, strictFileInteractability: false, timeouts: {implicit: 0, pageLoad: 300000, script: 30000}, unhandledPromptBehavior: dismiss and notify, webauthn:extension:credBlob: true, webauthn:extension:largeBlob: true, webauthn:virtualAuthenticators: true}&#10;Session ID: 23ea1216ac4687f0bd8aa806a914208c" type="org.openqa.selenium.WebDriverException">org.openqa.selenium.WebDriverException:
        unknown error: net::ERR_NAME_NOT_RESOLVED
        (Session info: chrome=108.0.5359.125)
        Build info: version: '3.141.59', revision: 'e82be7d358', time: '2018-11-14T08:17:03'
        System info: host: 'DESKTOP-4VG4ENC', ip: '192.168.184.1', os.name: 'Windows 10', os.arch: 'amd64', os.version:
        '10.0', java.version: '1.8.0_60'
        Driver info: org.openqa.selenium.chrome.ChromeDriver
        Capabilities {acceptInsecureCerts: false, browserName: chrome, browserVersion: 108.0.5359.125, chrome:
        {chromedriverVersion: 108.0.5359.71 (1e0e3868ee06..., userDataDir: C:\Users\kkscl\AppData\Loca...},
        goog:chromeOptions: {debuggerAddress: localhost:60400}, javascriptEnabled: true, networkConnectionEnabled:
        false, pageLoadStrategy: normal, platform: WINDOWS, platformName: WINDOWS, proxy: Proxy(), setWindowRect: true,
        strictFileInteractability: false, timeouts: {implicit: 0, pageLoad: 300000, script: 30000},
        unhandledPromptBehavior: dismiss and notify, webauthn:extension:credBlob: true, webauthn:extension:largeBlob:
        true, webauthn:virtualAuthenticators: true}
        Session ID: 23ea1216ac4687f0bd8aa806a914208c
        at sun.reflect.NativeConstructorAccessorImpl.newInstance0(Native Method)
        at sun.reflect.NativeConstructorAccessorImpl.newInstance(NativeConstructorAccessorImpl.java:62)
        at sun.reflect.DelegatingConstructorAccessorImpl.newInstance(DelegatingConstructorAccessorImpl.java:45)
        at java.lang.reflect.Constructor.newInstance(Constructor.java:422)
        at org.openqa.selenium.remote.http.W3CHttpResponseCodec.createException(W3CHttpResponseCodec.java:187)
        at org.openqa.selenium.remote.http.W3CHttpResponseCodec.decode(W3CHttpResponseCodec.java:122)
        at org.openqa.selenium.remote.http.W3CHttpResponseCodec.decode(W3CHttpResponseCodec.java:49)
        at org.openqa.selenium.remote.HttpCommandExecutor.execute(HttpCommandExecutor.java:158)
        at org.openqa.selenium.remote.service.DriverCommandExecutor.execute(DriverCommandExecutor.java:83)
        at org.openqa.selenium.remote.RemoteWebDriver.execute(RemoteWebDriver.java:545)
        at org.openqa.selenium.remote.RemoteWebDriver.get(RemoteWebDriver.java:273)
        at sun.reflect.NativeMethodAccessorImpl.invoke0(Native Method)
        at sun.reflect.NativeMethodAccessorImpl.invoke(NativeMethodAccessorImpl.java:62)
        at sun.reflect.DelegatingMethodAccessorImpl.invoke(DelegatingMethodAccessorImpl.java:43)
        at java.lang.reflect.Method.invoke(Method.java:497)
        at org.openqa.selenium.support.events.EventFiringWebDriver.lambda$new$1(EventFiringWebDriver.java:105)
        at com.sun.proxy.$Proxy8.get(Unknown Source)
        at org.openqa.selenium.support.events.EventFiringWebDriver.get(EventFiringWebDriver.java:165)
        at
        com.automation.ui.digitaldeployer.testcases.base.ProjectBaseTest.loadFirstPage(DigitalDeployerBaseTest.java:53)
        at com.automation.ui.base.common.templates.core.CoreTestTemplate.initTestContext(CoreTestTemplate.java:134)
        at sun.reflect.NativeMethodAccessorImpl.invoke0(Native Method)
        at sun.reflect.NativeMethodAccessorImpl.invoke(NativeMethodAccessorImpl.java:62)
        at sun.reflect.DelegatingMethodAccessorImpl.invoke(DelegatingMethodAccessorImpl.java:43)
        at java.lang.reflect.Method.invoke(Method.java:497)
        at org.testng.internal.MethodInvocationHelper.invokeMethod(MethodInvocationHelper.java:86)
        at org.testng.internal.Invoker.invokeConfigurationMethod(Invoker.java:514)
        at org.testng.internal.Invoker.invokeConfigurations(Invoker.java:215)
        at org.testng.internal.Invoker.invokeMethod(Invoker.java:589)
        at org.testng.internal.Invoker.invokeTestMethod(Invoker.java:820)
        at org.testng.internal.Invoker.invokeTestMethods(Invoker.java:1128)
        at org.testng.internal.TestMethodWorker.invokeTestMethods(TestMethodWorker.java:129)
        at org.testng.internal.TestMethodWorker.run(TestMethodWorker.java:112)
        at org.testng.TestRunner.privateRun(TestRunner.java:782)
        at org.testng.TestRunner.run(TestRunner.java:632)
        at org.testng.SuiteRunner.runTest(SuiteRunner.java:366)
        at org.testng.SuiteRunner.runSequentially(SuiteRunner.java:361)
        at org.testng.SuiteRunner.privateRun(SuiteRunner.java:319)
        at org.testng.SuiteRunner.run(SuiteRunner.java:268)
        at org.testng.SuiteRunnerWorker.runSuite(SuiteRunnerWorker.java:52)
        at org.testng.SuiteRunnerWorker.run(SuiteRunnerWorker.java:86)
        at org.testng.TestNG.runSuitesSequentially(TestNG.java:1244)
        at org.testng.TestNG.runSuitesLocally(TestNG.java:1169)
        at org.testng.TestNG.run(TestNG.java:1064)
        at org.apache.maven.surefire.testng.TestNGExecutor.run(TestNGExecutor.java:178)
        at org.apache.maven.surefire.testng.TestNGXmlTestSuite.execute(TestNGXmlTestSuite.java:92)
        at org.apache.maven.surefire.testng.TestNGProvider.invoke(TestNGProvider.java:96)
        at sun.reflect.NativeMethodAccessorImpl.invoke0(Native Method)
        at sun.reflect.NativeMethodAccessorImpl.invoke(NativeMethodAccessorImpl.java:62)
        at sun.reflect.DelegatingMethodAccessorImpl.invoke(DelegatingMethodAccessorImpl.java:43)
        at java.lang.reflect.Method.invoke(Method.java:497)
        at org.apache.maven.surefire.util.ReflectionUtils.invokeMethodWithArray2(ReflectionUtils.java:208)
        at org.apache.maven.surefire.booter.ProviderFactory$ProviderProxy.invoke(ProviderFactory.java:159)
        at org.apache.maven.surefire.booter.ProviderFactory.invokeProvider(ProviderFactory.java:87)
        at org.apache.maven.surefire.booter.ForkedBooter.runSuitesInProcess(ForkedBooter.java:153)
        at org.apache.maven.surefire.booter.ForkedBooter.main(ForkedBooter.java:95)
    </failure>
    <system-out>2023-01-09 10:19:25 INFO  Log:68 - ****************************************************************************************
2023-01-09 10:19:25 INFO  Log:69 - $$$$$$$$$$$$$$$$$$$$$                 search_Test       $$$$$$$$$$$$$$$$$$$$$$$$$
2023-01-09 10:19:25 INFO  Log:70 - ****************************************************************************************
**********
**********
2023-01-09 10:19:25 INFO  UrlBuilder:330 - getSiteGlobalName SITE : digital-deployer-app.galuctussandbox this.env :sandbox
2023-01-09 10:19:25 INFO  UrlBuilder:120 - getUrl host details:digital-deployer-app.galuctussandbox.sandbox.galuctussandbox.app
**********
2023-01-09 10:19:25 DEBUG DriverProvider:37 - getActiveDriver0
2023-01-09 10:19:25 DEBUG DriverProvider:28 - drivers count1
2023-01-09 10:19:25 INFO  UrlBuilder:330 - getSiteGlobalName SITE : digital-deployer-app.galuctussandbox this.env :sandbox
2023-01-09 10:19:25 INFO  UrlBuilder:120 - getUrl host details:digital-deployer-app.galuctussandbox.sandbox.galuctussandbox.app
2023-01-09 10:19:25 DEBUG Configuration:93 -  Configuration For Property Name qs value dose not exist in the config.yml file 
2023-01-09 10:19:26 INFO  InvokeMethodAdapter:40 - TEST CONFIGURATION FAILED, IS APPLICATION RUNNING, BROWSER DRIVERS CONFIGURED
2023-01-09 10:19:26 DEBUG DriverProvider:37 - getActiveDriver0
2023-01-09 10:19:26 DEBUG DriverProvider:28 - drivers count1
</system-out>
  </testcase>
  <testcase name="search_Test" classname="com.automation.ui.digitaldeployer.testcases.index.HomePageTest" time="0.155">
    <failure message="TEST SKIPPED" type="org.testng.SkipException">org.testng.SkipException: TEST SKIPPED
	at com.automation.ui.base.common.testnglisteners.BrowserAndTestEventListener.onTestSkipped(BrowserAndTestEventListener.java:294)
	at org.testng.internal.Invoker.runTestListeners(Invoker.java:1683)
	at org.testng.internal.Invoker.runTestListeners(Invoker.java:1675)
	at org.testng.internal.Invoker.invokeMethod(Invoker.java:700)
	at org.testng.internal.Invoker.invokeTestMethod(Invoker.java:820)
	at org.testng.internal.Invoker.invokeTestMethods(Invoker.java:1128)
	at org.testng.internal.TestMethodWorker.invokeTestMethods(TestMethodWorker.java:129)
	at org.testng.internal.TestMethodWorker.run(TestMethodWorker.java:112)
	at org.testng.TestRunner.privateRun(TestRunner.java:782)
	at org.testng.TestRunner.run(TestRunner.java:632)
	at org.testng.SuiteRunner.runTest(SuiteRunner.java:366)
	at org.testng.SuiteRunner.runSequentially(SuiteRunner.java:361)
	at org.testng.SuiteRunner.privateRun(SuiteRunner.java:319)
	at org.testng.SuiteRunner.run(SuiteRunner.java:268)
	at org.testng.SuiteRunnerWorker.runSuite(SuiteRunnerWorker.java:52)
	at org.testng.SuiteRunnerWorker.run(SuiteRunnerWorker.java:86)
	at org.testng.TestNG.runSuitesSequentially(TestNG.java:1244)
	at org.testng.TestNG.runSuitesLocally(TestNG.java:1169)
	at org.testng.TestNG.run(TestNG.java:1064)
	at org.apache.maven.surefire.testng.TestNGExecutor.run(TestNGExecutor.java:178)
	at org.apache.maven.surefire.testng.TestNGXmlTestSuite.execute(TestNGXmlTestSuite.java:92)
	at org.apache.maven.surefire.testng.TestNGProvider.invoke(TestNGProvider.java:96)
	at sun.reflect.NativeMethodAccessorImpl.invoke0(Native Method)
	at sun.reflect.NativeMethodAccessorImpl.invoke(NativeMethodAccessorImpl.java:62)
	at sun.reflect.DelegatingMethodAccessorImpl.invoke(DelegatingMethodAccessorImpl.java:43)
	at java.lang.reflect.Method.invoke(Method.java:497)
	at org.apache.maven.surefire.util.ReflectionUtils.invokeMethodWithArray2(ReflectionUtils.java:208)
	at org.apache.maven.surefire.booter.ProviderFactory$ProviderProxy.invoke(ProviderFactory.java:159)
	at org.apache.maven.surefire.booter.ProviderFactory.invokeProvider(ProviderFactory.java:87)
	at org.apache.maven.surefire.booter.ForkedBooter.runSuitesInProcess(ForkedBooter.java:153)
	at org.apache.maven.surefire.booter.ForkedBooter.main(ForkedBooter.java:95)
</failure>
    <system-out>com.automation.ui.digitaldeployer.testcases.index.HomePageTest search_Test
        2023-01-09 10:19:27 DEBUG DriverProvider:37 - getActiveDriver0
        2023-01-09 10:19:27 DEBUG DriverProvider:28 - drivers count1
        2023-01-09 10:19:27 INFO BrowserAndTestEventListener:253 - onTestFailure create issue
        2023-01-09 10:19:27 INFO BrowserAndTestEventListener:257 - onTestFailure added issue
        2023-01-09 10:19:27 DEBUG DriverProvider:37 - getActiveDriver0
        2023-01-09 10:19:27 DEBUG DriverProvider:28 - drivers count1
        2023-01-09 10:19:27 DEBUG DriverProvider:37 - getActiveDriver0
        2023-01-09 10:19:27 DEBUG DriverProvider:28 - drivers count1
        2023-01-09 10:19:27 DEBUG Configuration:93 - Configuration For Property Name mobileSiteVersion value dose not
        exist in the config.yml file
    </system-out>
  </testcase>
  <testcase name="initTestContext" classname="com.automation.ui.digitaldeployer.testcases.context.ContextPageTest" time="1.678">
    <failure message="unknown error: net::ERR_NAME_NOT_RESOLVED&#10;  (Session info: chrome=108.0.5359.125)&#10;Build info: version: &apos;3.141.59&apos;, revision: &apos;e82be7d358&apos;, time: &apos;2018-11-14T08:17:03&apos;&#10;System info: host: &apos;DESKTOP-4VG4ENC&apos;, ip: &apos;192.168.184.1&apos;, os.name: &apos;Windows 10&apos;, os.arch: &apos;amd64&apos;, os.version: &apos;10.0&apos;, java.version: &apos;1.8.0_60&apos;&#10;Driver info: org.openqa.selenium.chrome.ChromeDriver&#10;Capabilities {acceptInsecureCerts: false, browserName: chrome, browserVersion: 108.0.5359.125, chrome: {chromedriverVersion: 108.0.5359.71 (1e0e3868ee06..., userDataDir: C:\Users\kkscl\AppData\Loca...}, goog:chromeOptions: {debuggerAddress: localhost:60400}, javascriptEnabled: true, networkConnectionEnabled: false, pageLoadStrategy: normal, platform: WINDOWS, platformName: WINDOWS, proxy: Proxy(), setWindowRect: true, strictFileInteractability: false, timeouts: {implicit: 0, pageLoad: 300000, script: 30000}, unhandledPromptBehavior: dismiss and notify, webauthn:extension:credBlob: true, webauthn:extension:largeBlob: true, webauthn:virtualAuthenticators: true}&#10;Session ID: 23ea1216ac4687f0bd8aa806a914208c" type="org.openqa.selenium.WebDriverException">org.openqa.selenium.WebDriverException:
        unknown error: net::ERR_NAME_NOT_RESOLVED
        (Session info: chrome=108.0.5359.125)
        Build info: version: '3.141.59', revision: 'e82be7d358', time: '2018-11-14T08:17:03'
        System info: host: 'DESKTOP-4VG4ENC', ip: '192.168.184.1', os.name: 'Windows 10', os.arch: 'amd64', os.version:
        '10.0', java.version: '1.8.0_60'
        Driver info: org.openqa.selenium.chrome.ChromeDriver
        Capabilities {acceptInsecureCerts: false, browserName: chrome, browserVersion: 108.0.5359.125, chrome:
        {chromedriverVersion: 108.0.5359.71 (1e0e3868ee06..., userDataDir: C:\Users\kkscl\AppData\Loca...},
        goog:chromeOptions: {debuggerAddress: localhost:60400}, javascriptEnabled: true, networkConnectionEnabled:
        false, pageLoadStrategy: normal, platform: WINDOWS, platformName: WINDOWS, proxy: Proxy(), setWindowRect: true,
        strictFileInteractability: false, timeouts: {implicit: 0, pageLoad: 300000, script: 30000},
        unhandledPromptBehavior: dismiss and notify, webauthn:extension:credBlob: true, webauthn:extension:largeBlob:
        true, webauthn:virtualAuthenticators: true}
        Session ID: 23ea1216ac4687f0bd8aa806a914208c
        at sun.reflect.NativeConstructorAccessorImpl.newInstance0(Native Method)
        at sun.reflect.NativeConstructorAccessorImpl.newInstance(NativeConstructorAccessorImpl.java:62)
        at sun.reflect.DelegatingConstructorAccessorImpl.newInstance(DelegatingConstructorAccessorImpl.java:45)
        at java.lang.reflect.Constructor.newInstance(Constructor.java:422)
        at org.openqa.selenium.remote.http.W3CHttpResponseCodec.createException(W3CHttpResponseCodec.java:187)
        at org.openqa.selenium.remote.http.W3CHttpResponseCodec.decode(W3CHttpResponseCodec.java:122)
        at org.openqa.selenium.remote.http.W3CHttpResponseCodec.decode(W3CHttpResponseCodec.java:49)
        at org.openqa.selenium.remote.HttpCommandExecutor.execute(HttpCommandExecutor.java:158)
        at org.openqa.selenium.remote.service.DriverCommandExecutor.execute(DriverCommandExecutor.java:83)
        at org.openqa.selenium.remote.RemoteWebDriver.execute(RemoteWebDriver.java:545)
        at org.openqa.selenium.remote.RemoteWebDriver.get(RemoteWebDriver.java:273)
        at sun.reflect.NativeMethodAccessorImpl.invoke0(Native Method)
        at sun.reflect.NativeMethodAccessorImpl.invoke(NativeMethodAccessorImpl.java:62)
        at sun.reflect.DelegatingMethodAccessorImpl.invoke(DelegatingMethodAccessorImpl.java:43)
        at java.lang.reflect.Method.invoke(Method.java:497)
        at org.openqa.selenium.support.events.EventFiringWebDriver.lambda$new$1(EventFiringWebDriver.java:105)
        at com.sun.proxy.$Proxy8.get(Unknown Source)
        at org.openqa.selenium.support.events.EventFiringWebDriver.get(EventFiringWebDriver.java:165)
        at
        com.automation.ui.digitaldeployer.testcases.base.ProjectBaseTest.loadFirstPage(DigitalDeployerBaseTest.java:53)
        at com.automation.ui.base.common.templates.core.CoreTestTemplate.initTestContext(CoreTestTemplate.java:134)
        at sun.reflect.NativeMethodAccessorImpl.invoke0(Native Method)
        at sun.reflect.NativeMethodAccessorImpl.invoke(NativeMethodAccessorImpl.java:62)
        at sun.reflect.DelegatingMethodAccessorImpl.invoke(DelegatingMethodAccessorImpl.java:43)
        at java.lang.reflect.Method.invoke(Method.java:497)
        at org.testng.internal.MethodInvocationHelper.invokeMethod(MethodInvocationHelper.java:86)
        at org.testng.internal.Invoker.invokeConfigurationMethod(Invoker.java:514)
        at org.testng.internal.Invoker.invokeConfigurations(Invoker.java:215)
        at org.testng.internal.Invoker.invokeMethod(Invoker.java:589)
        at org.testng.internal.Invoker.invokeTestMethod(Invoker.java:820)
        at org.testng.internal.Invoker.invokeTestMethods(Invoker.java:1128)
        at org.testng.internal.TestMethodWorker.invokeTestMethods(TestMethodWorker.java:129)
        at org.testng.internal.TestMethodWorker.run(TestMethodWorker.java:112)
        at org.testng.TestRunner.privateRun(TestRunner.java:782)
        at org.testng.TestRunner.run(TestRunner.java:632)
        at org.testng.SuiteRunner.runTest(SuiteRunner.java:366)
        at org.testng.SuiteRunner.runSequentially(SuiteRunner.java:361)
        at org.testng.SuiteRunner.privateRun(SuiteRunner.java:319)
        at org.testng.SuiteRunner.run(SuiteRunner.java:268)
        at org.testng.SuiteRunnerWorker.runSuite(SuiteRunnerWorker.java:52)
        at org.testng.SuiteRunnerWorker.run(SuiteRunnerWorker.java:86)
        at org.testng.TestNG.runSuitesSequentially(TestNG.java:1244)
        at org.testng.TestNG.runSuitesLocally(TestNG.java:1169)
        at org.testng.TestNG.run(TestNG.java:1064)
        at org.apache.maven.surefire.testng.TestNGExecutor.run(TestNGExecutor.java:178)
        at org.apache.maven.surefire.testng.TestNGXmlTestSuite.execute(TestNGXmlTestSuite.java:92)
        at org.apache.maven.surefire.testng.TestNGProvider.invoke(TestNGProvider.java:96)
        at sun.reflect.NativeMethodAccessorImpl.invoke0(Native Method)
        at sun.reflect.NativeMethodAccessorImpl.invoke(NativeMethodAccessorImpl.java:62)
        at sun.reflect.DelegatingMethodAccessorImpl.invoke(DelegatingMethodAccessorImpl.java:43)
        at java.lang.reflect.Method.invoke(Method.java:497)
        at org.apache.maven.surefire.util.ReflectionUtils.invokeMethodWithArray2(ReflectionUtils.java:208)
        at org.apache.maven.surefire.booter.ProviderFactory$ProviderProxy.invoke(ProviderFactory.java:159)
        at org.apache.maven.surefire.booter.ProviderFactory.invokeProvider(ProviderFactory.java:87)
        at org.apache.maven.surefire.booter.ForkedBooter.runSuitesInProcess(ForkedBooter.java:153)
        at org.apache.maven.surefire.booter.ForkedBooter.main(ForkedBooter.java:95)
    </failure>
    <system-out>2023-01-09 10:19:27 DEBUG CoreTestTemplate:110 - beforeClass initTestClass 
2023-01-09 10:19:27 INFO  Log:68 - ****************************************************************************************
2023-01-09 10:19:27 INFO  Log:69 - $$$$$$$$$$$$$$$$$$$$$                 clickEmail_Test       $$$$$$$$$$$$$$$$$$$$$$$$$
2023-01-09 10:19:27 INFO  Log:70 - ****************************************************************************************
**********
**********
2023-01-09 10:19:27 INFO  UrlBuilder:330 - getSiteGlobalName SITE : digital-deployer-app.galuctussandbox this.env :sandbox
2023-01-09 10:19:27 INFO  UrlBuilder:120 - getUrl host details:digital-deployer-app.galuctussandbox.sandbox.galuctussandbox.app
**********
2023-01-09 10:19:27 DEBUG DriverProvider:37 - getActiveDriver0
2023-01-09 10:19:27 DEBUG DriverProvider:28 - drivers count1
2023-01-09 10:19:27 INFO  UrlBuilder:330 - getSiteGlobalName SITE : digital-deployer-app.galuctussandbox this.env :sandbox
2023-01-09 10:19:27 INFO  UrlBuilder:120 - getUrl host details:digital-deployer-app.galuctussandbox.sandbox.galuctussandbox.app
2023-01-09 10:19:27 DEBUG Configuration:93 -  Configuration For Property Name qs value dose not exist in the config.yml file 
2023-01-09 10:19:28 INFO  InvokeMethodAdapter:40 - TEST CONFIGURATION FAILED, IS APPLICATION RUNNING, BROWSER DRIVERS CONFIGURED
2023-01-09 10:19:28 DEBUG DriverProvider:37 - getActiveDriver0
2023-01-09 10:19:28 DEBUG DriverProvider:28 - drivers count1
</system-out>
  </testcase>
  <testcase name="clickEmail_Test" classname="com.automation.ui.digitaldeployer.testcases.context.ContextPageTest" time="0.196">
    <failure message="TEST SKIPPED" type="org.testng.SkipException">org.testng.SkipException: TEST SKIPPED
	at com.automation.ui.base.common.testnglisteners.BrowserAndTestEventListener.onTestSkipped(BrowserAndTestEventListener.java:294)
	at org.testng.internal.Invoker.runTestListeners(Invoker.java:1683)
	at org.testng.internal.Invoker.runTestListeners(Invoker.java:1675)
	at org.testng.internal.Invoker.invokeMethod(Invoker.java:700)
	at org.testng.internal.Invoker.invokeTestMethod(Invoker.java:820)
	at org.testng.internal.Invoker.invokeTestMethods(Invoker.java:1128)
	at org.testng.internal.TestMethodWorker.invokeTestMethods(TestMethodWorker.java:129)
	at org.testng.internal.TestMethodWorker.run(TestMethodWorker.java:112)
	at org.testng.TestRunner.privateRun(TestRunner.java:782)
	at org.testng.TestRunner.run(TestRunner.java:632)
	at org.testng.SuiteRunner.runTest(SuiteRunner.java:366)
	at org.testng.SuiteRunner.runSequentially(SuiteRunner.java:361)
	at org.testng.SuiteRunner.privateRun(SuiteRunner.java:319)
	at org.testng.SuiteRunner.run(SuiteRunner.java:268)
	at org.testng.SuiteRunnerWorker.runSuite(SuiteRunnerWorker.java:52)
	at org.testng.SuiteRunnerWorker.run(SuiteRunnerWorker.java:86)
	at org.testng.TestNG.runSuitesSequentially(TestNG.java:1244)
	at org.testng.TestNG.runSuitesLocally(TestNG.java:1169)
	at org.testng.TestNG.run(TestNG.java:1064)
	at org.apache.maven.surefire.testng.TestNGExecutor.run(TestNGExecutor.java:178)
	at org.apache.maven.surefire.testng.TestNGXmlTestSuite.execute(TestNGXmlTestSuite.java:92)
	at org.apache.maven.surefire.testng.TestNGProvider.invoke(TestNGProvider.java:96)
	at sun.reflect.NativeMethodAccessorImpl.invoke0(Native Method)
	at sun.reflect.NativeMethodAccessorImpl.invoke(NativeMethodAccessorImpl.java:62)
	at sun.reflect.DelegatingMethodAccessorImpl.invoke(DelegatingMethodAccessorImpl.java:43)
	at java.lang.reflect.Method.invoke(Method.java:497)
	at org.apache.maven.surefire.util.ReflectionUtils.invokeMethodWithArray2(ReflectionUtils.java:208)
	at org.apache.maven.surefire.booter.ProviderFactory$ProviderProxy.invoke(ProviderFactory.java:159)
	at org.apache.maven.surefire.booter.ProviderFactory.invokeProvider(ProviderFactory.java:87)
	at org.apache.maven.surefire.booter.ForkedBooter.runSuitesInProcess(ForkedBooter.java:153)
	at org.apache.maven.surefire.booter.ForkedBooter.main(ForkedBooter.java:95)
</failure>
    <system-out>com.automation.ui.digitaldeployer.testcases.context.ContextPageTest clickEmail_Test
2023-01-09 10:19:28 DEBUG DriverProvider:37 - getActiveDriver0
2023-01-09 10:19:28 DEBUG DriverProvider:28 - drivers count1
2023-01-09 10:19:28 INFO  BrowserAndTestEventListener:253 - onTestFailure create issue
2023-01-09 10:19:28 INFO  BrowserAndTestEventListener:257 - onTestFailure added  issue
2023-01-09 10:19:28 DEBUG DriverProvider:37 - getActiveDriver0
2023-01-09 10:19:28 DEBUG DriverProvider:28 - drivers count1
2023-01-09 10:19:29 DEBUG DriverProvider:37 - getActiveDriver0
2023-01-09 10:19:29 DEBUG DriverProvider:28 - drivers count1
2023-01-09 10:19:29 DEBUG Configuration:93 -  Configuration For Property Name mobileSiteVersion value dose not exist in the config.yml file 
</system-out>
  </testcase>
  <testcase name="tearDownAfterTestSuite" classname="com.automation.ui.digitaldeployer.testcases.index.HomePageTest" time="0">
    <skipped/>
    <system-out>2023-01-09 10:19:29 DEBUG CoreTestTemplate:219 - Stop  AfterClass or AfterSuite ::CoreTestTemplate 
</system-out>
  </testcase>
</testsuite>