<?xml version="1.0" encoding="UTF-8"?>
<!-- Generated by org.testng.reporters.JUnitXMLReporter -->
<testsuite hostname="DESKTOP-4VG4ENC" name="Home" tests="3" failures="2" timestamp="13 Jan 2023 06:43:33 GMT" time="16.898" errors="0">
  <testcase name="launchHomePage_Test" time="1.425" classname="com.automation.ui.digitaldeployer.testcases.index.IndexPageTest"/>
  <testcase name="verifyValidLogin" time="2.883" classname="com.automation.ui.digitaldeployer.testcases.login.LoginTest">
    <failure type="java.lang.NullPointerException">
      <![CDATA[java.lang.NullPointerException
	at com.automation.ui.digitaldeployer.testcases.login.LoginTest.verifyValidLogin(LoginTest.java:91)
... Removed 33 stack frames]]>
    </failure>
  </testcase> <!-- verifyValidLogin -->
  <testcase name="verifyValidLogin" time="4.792" classname="com.automation.ui.digitaldeployer.testcases.login.LoginTest">
    <failure type="java.lang.NullPointerException">
      <![CDATA[java.lang.NullPointerException
	at com.automation.ui.base.common.report.datahandler.DataPreparator.prepareMethodParameterList(DataPreparator.java:229)
	at com.automation.ui.base.common.report.xmlhandler.XMLGenerator.generateResultXML(XMLGenerator.java:41)
	at com.automation.ui.base.common.report.listener.RealTimeTestResultListener.onTestFailure(RealTimeTestResultListener.java:65)
... Removed 30 stack frames]]>
    </failure>
  </testcase> <!-- verifyValidLogin -->
</testsuite> <!-- Home -->
